<?xml version="1.0" encoding="UTF-8"?>
<!DOCTYPE mapper PUBLIC "-//mybatis.org//DTD Mapper 3.0//EN" "http://mybatis.org/dtd/mybatis-3-mapper.dtd">
<mapper namespace="com.insdiide.ibip.domain.test.mapper.TestMapper">

    <select id="getTest" resultType="com.insdiide.ibip.domain.test.vo.TestVO">
        SELECT * FROM tb_entity;
    </select>
</mapper>